Script started on 2019-10-17 16:13:56-04:00 [TERM="xterm-256color" TTY="/dev/pts/0" COLUMNS="80" LINES="24"]
pparmar2@g7-03:/import/linux/home1/pparmar2/git-repos/i220b/work/lab9/files$ man  size
[?1049h[22;0;0t[?1h=SIZE(1)                      GNU Development Tools                     SIZE(1)[m
[m
[1mNAME[0m[m
       size - list section sizes and total size.[m
[m
[1mSYNOPSIS[0m[m
       size [[1m-A[0m|[1m-B[0m|[1m--format=[0m[4mcompatibility[24m][m
            [[1m--help[0m][m
            [[1m-d[0m|[1m-o[0m|[1m-x[0m|[1m--radix=[0m[4mnumber[24m][m
            [[1m--common[0m][m
            [[1m-t[0m|[1m--totals[0m][m
            [[1m--target=[0m[4mbfdname[24m] [[1m-V[0m|[1m--version[0m][m
            [[4mobjfile[24m...][m
[m
[1mDESCRIPTION[0m[m
       The GNU [1msize[0m utility lists the section sizes---and the total size---for[m
       each of the object or archive files [4mobjfile[24m in its argument list.  By[m
       default, one line of output is generated for each object file or each[m
       module in an archive.[m
[m
       [4mobjfile[24m... are the object files to be examined.  If none are specified,[m
       the file "a.out" will be used.[m
[m
[7m Manual page size(1) line 1 (press h for help or q to quit)[27m[K[K[?1l>[?1049l[23;0;0tpparmar2@g7-03:/import/linux/home1/pparmar2/git-repos/i220b/work/lab9/files$ siz eh[K hello
size: 'hello': No such file
pparmar2@g7-03:/import/linux/home1/pparmar2/git-repos/i220b/work/lab9/files$ siz e[K[A[C[C[C[C[C[C[C[C[C[C[C[C[C[C[C[C[C[C[C[C[C[C[C[C[C[C[C[C[C[C[C[C[C[C[C[C[C[C[C[C[C[C[C[C[C[C[C[C[C[C[C[C[C[C[C[C[C[C[C[C[C[C[C[C[C[C[C[C[C[C[C[C[C[C[C[C[C[C[C[K
[K[A[C[C[C[C[C[C[C[C[C[C[C[C[C[C[C[C[C[C[C[C[C[C[C[C[C[C[C[C[C[C[C[C[C[C[C[C[C[C[C[C[C[C[C[C[C[C[C[C[C[C[C[C[C[C[C[C[C[C[C[C[C[C[C[C[C[C[C[C[C[C[C[C[C[C[C[C[C[C[C[Kma [A[C[C[C[C[C[C[C[C[C[C[C[C[C[C[C[C[C[C[C[C[C[C[C[C[C[C[C[C[C[C[C[C[C[C[C[C[C[C[C[C[C[C[C[C[C[C[C[C[C[C[C[C[C[C[C[C[C[C[C[C[C[C[C[C[C[C[C[C[C[C[C[C[C[C[C[C[C[C[C[K
[K[A[C[C[C[C[C[C[C[C[C[C[C[C[C[C[C[C[C[C[C[C[C[C[C[C[C[C[C[C[C[C[C[C[C[C[C[C[C[C[C[C[C[C[C[C[C[C[C[C[C[C[C[C[C[C[C[C[C[C[C[C[C[C[C[C[C[C[C[C[C[C[C[C[C[C[C[C[C[C[C[K[Kmak e
cc -g -Wall  -std=c11    hello.c   -o hello
cc -g -Wall  -std=c11 -S hello.c
pparmar2@g7-03:/import/linux/home1/pparmar2/git-repos/i220b/work/lab9/files$ siz e man[K[K[Khello
   text	   data	    bss	    dec	    hex	filename
   1874	    592	     48	   2514	    9d2	hello
pparmar2@g7-03:/import/linux/home1/pparmar2/git-repos/i220b/work/lab9/files$ siz e -A hello
hello  :
section              size    addr
.interp                28     680
.note.ABI-tag          32     708
.note.gnu.build-id     36     740
.gnu.hash              48     776
.dynsym               240     824
.dynstr               152    1064
.gnu.version           20    1216
.gnu.version_r         32    1240
.rela.dyn             240    1272
.rela.plt              48    1512
.init                  23    4096
.plt                   48    4128
.plt.got                8    4176
.text                 513    4192
.fini                   9    4708
.rodata                33    8192
.eh_frame_hdr          68    8228
.eh_frame             296    8296
.init_array             8   15848
.fini_array             8   15856
.dynamic              480   15864
.got                   40   16344
.got.plt               40   16384
.data                  16   16424
.bss                   48   16448
.comment               28       0
.debug_aranges         48       0
.debug_info           860       0
.debug_abbrev         287       0
.debug_line           308       0
.debug_str            616       0
Total                4661


pparmar2@g7-03:/import/linux/home1/pparmar2/git-repos/i220b/work/lab9/files$ obj dump -d hello >h[K hello,[K.objdump
pparmar2@g7-03:/import/linux/home1/pparmar2/git-repos/i220b/work/lab9/files$ man  objdump
[?1049h[22;0;0t[?1h=OBJDUMP(1)                   GNU Development Tools                  OBJDUMP(1)[m
[m
[1mNAME[0m[m
       objdump - display information from object files.[m
[m
[1mSYNOPSIS[0m[m
       objdump [[1m-a[0m|[1m--archive-headers[0m][m
               [[1m-b[0m [4mbfdname[24m|[1m--target=[0m[4mbfdname[24m][m
               [[1m-C[0m|[1m--demangle[0m[=[4mstyle[24m] ][m
               [[1m-d[0m|[1m--disassemble[0m][m
               [[1m-D[0m|[1m--disassemble-all[0m][m
               [[1m-z[0m|[1m--disassemble-zeroes[0m][m
               [[1m-EB[0m|[1m-EL[0m|[1m--endian=[0m{big | little }][m
               [[1m-f[0m|[1m--file-headers[0m][m
               [[1m-F[0m|[1m--file-offsets[0m][m
               [[1m--file-start-context[0m][m
               [[1m-g[0m|[1m--debugging[0m][m
               [[1m-e[0m|[1m--debugging-tags[0m][m
               [[1m-h[0m|[1m--section-headers[0m|[1m--headers[0m][m
               [[1m-i[0m|[1m--info[0m][m
               [[1m-j[0m [4msection[24m|[1m--section=[0m[4msection[24m][m
               [[1m-l[0m|[1m--line-numbers[0m][m
               [[1m-S[0m|[1m--source[0m][m
[7m Manual page objdump(1) line 1 (press h for help or q to quit)[27m[K[K[7m Manual page objdump(1) line 1 (press h for help or q to quit)[27m[K[K[?1l>[?1049l[23;0;0tpparmar2@g7-03:/import/linux/home1/pparmar2/git-repos/i220b/work/lab9/files$ objdump -d -s -x hello > hello.objdump
pparmar2@g7-03:/import/linux/home1/pparmar2/git-repos/i220b/work/lab9/files$ objdump -d hello | grep  -A40 main.:
0000000000001174 <main>:
    1174:	55                   	push   %rbp
    1175:	48 89 e5             	mov    %rsp,%rbp
    1178:	48 83 ec 20          	sub    $0x20,%rsp
    117c:	89 7d ec             	mov    %edi,-0x14(%rbp)
    117f:	48 89 75 e0          	mov    %rsi,-0x20(%rbp)
    1183:	83 7d ec 01          	cmpl   $0x1,-0x14(%rbp)
    1187:	75 2c                	jne    11b5 <main+0x41>
    1189:	48 8b 45 e0          	mov    -0x20(%rbp),%rax
    118d:	48 8b 10             	mov    (%rax),%rdx
    1190:	48 8b 05 c9 2e 00 00 	mov    0x2ec9(%rip),%rax        # 4060 <stderr@@GLIBC_2.2.5>
    1197:	48 8d 35 70 0e 00 00 	lea    0xe70(%rip),%rsi        # 200e <_IO_stdin_used+0xe>
    119e:	48 89 c7             	mov    %rax,%rdi
    11a1:	b8 00 00 00 00       	mov    $0x0,%eax
    11a6:	e8 85 fe ff ff       	callq  1030 <fprintf@plt>
    11ab:	bf ef be ad de       	mov    $0xdeadbeef,%edi
    11b0:	e8 8b fe ff ff       	callq  1040 <exit@plt>
    11b5:	c7 45 fc 01 00 00 00 	movl   $0x1,-0x4(%rbp)
    11bc:	eb 2d                	jmp    11eb <main+0x77>
    11be:	8b 45 fc             	mov    -0x4(%rbp),%eax
    11c1:	48 98                	cltq   
    11c3:	48 8d 14 c5 00 00 00 	lea    0x0(,%rax,8),%rdx
    11ca:	00 
    11cb:	48 8b 45 e0          	mov    -0x20(%rbp),%rax
    11cf:	48 01 d0             	add    %rdx,%rax
    11d2:	48 8b 10             	mov    (%rax),%rdx
    11d5:	48 8b 05 64 2e 00 00 	mov    0x2e64(%rip),%rax        # 4040 <stdout@@GLIBC_2.2.5>
    11dc:	48 89 d6             	mov    %rdx,%rsi
    11df:	48 89 c7             	mov    %rax,%rdi
    11e2:	e8 5e ff ff ff       	callq  1145 <hello>
    11e7:	83 45 fc 01          	addl   $0x1,-0x4(%rbp)
    11eb:	8b 45 fc             	mov    -0x4(%rbp),%eax
    11ee:	3b 45 ec             	cmp    -0x14(%rbp),%eax
    11f1:	7c cb                	jl     11be <main+0x4a>
    11f3:	b8 00 00 00 00       	mov    $0x0,%eax
    11f8:	c9                   	leaveq 
    11f9:	c3                   	retq   
    11fa:	66 0f 1f 44 00 00    	nopw   0x0(%rax,%rax,1)

0000000000001200 <__libc_csu_init>:
    1200:	41 57                	push   %r15
pparmar2@g7-03:/import/linux/home1/pparmar2/git-repos/i220b/work/lab9/files$ ls -l hello
-rwxr-xr-x 1 pparmar2 pparmar2 19400 Oct 17 16:15 hello
pparmar2@g7-03:/import/linux/home1/pparmar2/git-repos/i220b/work/lab9/files$ strip hello
pparmar2@g7-03:/import/linux/home1/pparmar2/git-repos/i220b/work/lab9/files$ ls -l hello
-rwxr-xr-x 1 pparmar2 pparmar2 14416 Oct 17 16:19 hello
pparmar2@g7-03:/import/linux/home1/pparmar2/git-repos/i220b/work/lab9/files$ a[Kmak e ce[Klean
rm -f hello hello.s *.objdump *~
pparmar2@g7-03:/import/linux/home1/pparmar2/git-repos/i220b/work/lab9/files$ ^C
pparmar2@g7-03:/import/linux/home1/pparmar2/git-repos/i220b/work/lab9/files$ [Kpparmar2@g7-03:/import/linux/home1/pparmar2/git-repos/i220b/work/lab9/files$ ./id [A[C[C[C[C[C[C[C[C[C[C[C[C[C[C[C[C[C[C[C[C[C[C[C[C[C[C[C[C[C[C[C[C[C[C[C[C[C[C[C[C[C[C[C[C[C[C[C[C[C[C[C[C[C[C[C[C[C[C[C[C[C[C[C[C[C[C[C[C[C[C[C[C[C[C[C[C[C[C[C[C[K
[K[A[C[C[C[C[C[C[C[C[C[C[C[C[C[C[C[C[C[C[C[C[C[C[C[C[C[C[C[C[C[C[C[C[C[C[C[C[C[C[C[C[C[C[C[C[C[C[C[C[C[C[C[C[C[C[C[C[C[C[C[C[C[C[C[C[C[C[C[C[C[C[C[C[C[C[C[C[C[C[C[C[K[K[Kmake [A[C[C[C[C[C[C[C[C[C[C[C[C[C[C[C[C[C[C[C[C[C[C[C[C[C[C[C[C[C[C[C[C[C[C[C[C[C[C[C[C[C[C[C[C[C[C[C[C[C[C[C[C[C[C[C[C[C[C[C[C[C[C[C[C[C[C[C[C[C[C[C[C[C[C[C[C[C[C[C[C[Ke
cc -g -Wall  -std=c11    hello.c   -o hello
cc -g -Wall  -std=c11 -S hello.c
pparmar2@g7-03:/import/linux/home1/pparmar2/git-repos/i220b/work/lab9/files$ ./id entify
bash: ./identify: No such file or directory
pparmar2@g7-03:/import/linux/home1/pparmar2/git-repos/i220b/work/lab9/files$ ./d[Kid [A[C[C[C[C[C[C[C[C[C[C[C[C[C[C[C[C[C[C[C[C[C[C[C[C[C[C[C[C[C[C[C[C[C[C[C[C[C[C[C[C[C[C[C[C[C[C[C[C[C[C[C[C[C[C[C[C[C[C[C[C[C[C[C[C[C[C[C[C[C[C[C[C[C[C[C[C[C[C[C[C[K
[K[A[C[C[C[C[C[C[C[C[C[C[C[C[C[C[C[C[C[C[C[C[C[C[C[C[C[C[C[C[C[C[C[C[C[C[C[C[C[C[C[C[C[C[C[C[C[C[C[C[C[C[C[C[C[C[C[C[C[C[C[C[C[C[C[C[C[C[C[C[C[C[C[C[C[C[C[C[C[C[C[C[K[K/my stero[Ky.o
bash: ./mystery.o: Permission denied
pparmar2@g7-03:/import/linux/home1/pparmar2/git-repos/i220b/work/lab9/files$ ./hello 
usage: ./hello NAME...
pparmar2@g7-03:/import/linux/home1/pparmar2/git-repos/i220b/work/lab9/files$ ma[K[Ksize  mystery.o 
   text	   data	    bss	    dec	    hex	filename
     73	      0	      0	     73	     49	mystery.o
pparmar2@g7-03:/import/linux/home1/pparmar2/git-repos/i220b/work/lab9/files$ soze [A[C[C[C[C[C[C[C[C[C[C[C[C[C[C[C[C[C[C[C[C[C[C[C[C[C[C[C[C[C[C[C[C[C[C[C[C[C[C[C[C[C[C[C[C[C[C[C[C[C[C[C[C[C[C[C[C[C[C[C[C[C[C[C[C[C[C[C[C[C[C[C[C[C[C[C[C[C[C[C[C[K
[K[A[C[C[C[C[C[C[C[C[C[C[C[C[C[C[C[C[C[C[C[C[C[C[C[C[C[C[C[C[C[C[C[C[C[C[C[C[C[C[C[C[C[C[C[C[C[C[C[C[C[C[C[C[C[C[C[C[C[C[C[C[C[C[C[C[C[C[C[C[C[C[C[C[C[C[C[C[C[C[C[C[K[Kize  -A mystery.o 
mystery.o  :
section           size   addr
.text               17      0
.data                0      0
.bss                 0      0
.debug_abbrev       71      0
.debug_info        103      0
.debug_line         61      0
.debug_loc          96      0
.debug_pubnames     30      0
.debug_aranges      48      0
.debug_str          84      0
.comment            43      0
.note.GNU-stack      0      0
.eh_frame           56      0
Total              609


pparmar2@g7-03:/import/linux/home1/pparmar2/git-repos/i220b/work/lab9/files$ ob[K[Kobjdump -d hello | grep  -A40 main.:[K[K[K[K[K[K[K[K[K[K[K[K[K[K[K[K[K[K[K[K[K[K[K[K[K[K[K[K[K[K[K[K[A[C[C[C[C[C[C[C[C[C[C[C[C[C[C[C[C[C[C[C[C[C[C[C[C[C[C[C[C[C[C[C[C[C[C[C[C[C[C[C[C[C[C[C[C[C[C[C[C[C[C[C[C[C[C[C[C[C[C[C[C[C[C[C[C[C[C[C[C[C[C[C[C[C[C[C[C[C[C[C[C[K
[K[A[C[C[C[C[C[C[C[C[C[C[C[C[C[C[C[C[C[C[C[C[C[C[C[C[C[C[C[C[C[C[C[C[C[C[C[C[C[C[C[C[C[C[C[C[C[C[C[C[C[C[C[C[C[C[C[C[C[C[C[C[C[C[C[C[C[C[C[C[C[C[C[C[C[C[C[C[C[C[C[C[K[K[Kobjdump -d -s -x hello > hello.objdump[1Po.objdump[1Po.objdump[1Po.objdump[1Po.objdump[1P.objdumpm.objdumpy.objdumps.objdumpt.objdumpe.objdumpr.objdumpo.objdump[1P.objdumpy.objdump[1P[1P[1P[1P[1P[1@m[1@y[1@s[6@tery.o
pparmar2@g7-03:/import/linux/home1/pparmar2/git-repos/i220b/work/lab9/files$ objdump -d hello | grep  -A40 main.:[1P[1P[1P[1P[1P[1@m[8@ystery.o
pparmar2@g7-03:/import/linux/home1/pparmar2/git-repos/i220b/work/lab9/files$ objdump -d mystery.o | grep  -A40 main.:[C[C[C[C[C[C[C-s -x mystery.o > mystery.objdump[A[C[C[C[C[C[C[C[C[C[C[C[C[C[C[C[C[C[C[C[C[C[C[C[C[C[C[C[C[C[C[C[C[C[C[C[C[Csize [26P-A mystery.o 
mystery.o  :
section           size   addr
.text               17      0
.data                0      0
.bss                 0      0
.debug_abbrev       71      0
.debug_info        103      0
.debug_line         61      0
.debug_loc          96      0
.debug_pubnames     30      0
.debug_aranges      48      0
.debug_str          84      0
.comment            43      0
.note.GNU-stack      0      0
.eh_frame           56      0
Total              609


pparmar2@g7-03:/import/linux/home1/pparmar2/git-repos/i220b/work/lab9/files$ size -A mystery.o [A[C[C[C[C[C[C[C[C[C[C[C[C[C[C[C[C[C[C[C[C[C[C[C[C[C[C[C[C[C[C[C[C[C[C[C[C[C[C[C[C[C[C[C[C[C[C[C[C[C[C[C[C[C[C[C[C[C[C[C[C[C[C[Cobjdump -d mystery.o | grep  -A40 main.:[C[C[C[C[C[C[C-s -x mystery.o > mystery.objdump[C[C[C[C[C[C[C[4Pmystery.o | grep  -A40 main.:[C[C[C[C[C[C[C-s -x mystery.o > mystery.objdump[A[C[C[C[C[C[C[C[C[C[C[C[C[C[C[C[C[C[C[C[C[C[C[C[C[C[C[C[C[C[C[C[C[C[C[C[C[Csize [26P-A mystery.o [C[3P[C[C[C[C[C[C[C[C[C[C[C[3@-A [C[C[C[C[C[C[C[C[C[C[A[C[C[C[C[C[C[C[C[C[C[C[C[C[C[C[C[C[C[C[C[C[C[C[C[C[C[C[C[C[C[C[C[C[C[C[C[C[C[C[C[C[C[C[C[C[C[C[C[C[C[C[C[C[C[C[C[C[C[C[C[C[C[Cobjdump -d -s -x mystery.o > mystery.objdump[C[C[C[C[C[C[C[4Pmystery.o | grep  -A40 main.:[C[C[C[C[C[C[C-s -x mystery.o > mystery.objdump[C[C[C[C[C[C[C[4Pmystery.o | grep  -A40 main.:[A[C[C[C[C[C[C[C[C[C[C[C[C[C[C[C[C[C[C[C[C[C[C[C[C[C[C[C[C[C[C[C[C[C[C[C[C[C[C[C[C[Csize [22P-A mystery.o [A[C[C[C[C[C[C[C[C[C[C[C[C[C[C[C[C[C[C[C[C[C[C[C[C[C[C[C[C[C[C[C[C[C[C[C[C[C[C[C[C[C[C[C[C[C[C[C[C[C[C[C[C[C[C[C[C[C[C[C[C[C[C[C[K
[K[A[C[C[C[C[C[C[C[C[C[C[C[C[C[C[C[C[C[C[C[C[C[C[C[C[C[C[C[C[C[C[C[C[C[C[C[C[C[C[C[C[C[C[C[C[C[C[C[C[C[C[C[C[C[C[C[C[C[C[C[C[C[C[C[C[C[C[C[C[C[C[C[C[C[C[C[C[Cobjdump -d hello > hello.objdump[1Po.objdump[1Po.objdump[1Po.objdump[1Po.objdumpmo.objdumpyo.objdumpso.objdumpto.objdumpeo.objdumpro.objdumpyo.objdump[1P.objdump1.objdump[1P[1P[1P[1P[1P[1@m[1@y[7@stery.o
pparmar2@g7-03:/import/linux/home1/pparmar2/git-repos/i220b/work/lab9/files$ ls - l mystery
ls: cannot access 'mystery': No such file or directory
pparmar2@g7-03:/import/linux/home1/pparmar2/git-repos/i220b/work/lab9/files$ ls - l[K[A[C[C[C[C[C[C[C[C[C[C[C[C[C[C[C[C[C[C[C[C[C[C[C[C[C[C[C[C[C[C[C[C[C[C[C[C[C[C[C[C[C[C[C[C[C[C[C[C[C[C[C[C[C[C[C[C[C[C[C[C[C[C[C[C[C[C[C[C[C[C[C[C[C[C[C[C[C[C[C[C[K
[K[A[C[C[C[C[C[C[C[C[C[C[C[C[C[C[C[C[C[C[C[C[C[C[C[C[C[C[C[C[C[C[C[C[C[C[C[C[C[C[C[C[C[C[C[C[C[C[C[C[C[C[C[C[C[C[C[C[C[C[C[C[C[C[C[C[C[C[C[C[C[C[C[C[C[C[C[C[C[C[C[C- l mystery.o
-rw-r--r-- 1 pparmar2 pparmar2 3104 Oct 17 16:11 mystery.o
pparmar2@g7-03:/import/linux/home1/pparmar2/git-repos/i220b/work/lab9/files$ stop  mystery[K[K[K[K[K[K[K[K[A[C[C[C[C[C[C[C[C[C[C[C[C[C[C[C[C[C[C[C[C[C[C[C[C[C[C[C[C[C[C[C[C[C[C[C[C[C[C[C[C[C[C[C[C[C[C[C[C[C[C[C[C[C[C[C[C[C[C[C[C[C[C[C[C[C[C[C[C[C[C[C[C[C[C[C[C[C[C[C[C[K
[K[A[C[C[C[C[C[C[C[C[C[C[C[C[C[C[C[C[C[C[C[C[C[C[C[C[C[C[C[C[C[C[C[C[C[C[C[C[C[C[C[C[C[C[C[C[C[C[C[C[C[C[C[C[C[C[C[C[C[C[C[C[C[C[C[C[C[C[C[C[C[C[C[C[C[C[C[C[C[C[C[C[Kri p mystery.o
pparmar2@g7-03:/import/linux/home1/pparmar2/git-repos/i220b/work/lab9/files$ lstrip mystery.o[A[C[C[C[C[C[C[C[C[C[C[C[C[C[C[C[C[C[C[C[C[C[C[C[C[C[C[C[C[C[C[C[C[C[C[C[C[C[C[C[C[C[C[C[C[C[C[C[C[C[C[C[C[C[C[C[C[C[C[C[C[C[C[C[C[C[Cls -l[C[C[C[C[C[C[C[C[C[C
-rw-r--r-- 1 pparmar2 pparmar2 760 Oct 17 16:42 mystery.o
pparmar2@g7-03:/import/linux/home1/pparmar2/git-repos/i220b/work/lab9/files$ gedi t mystery.o
pparmar2@g7-03:/import/linux/home1/pparmar2/git-repos/i220b/work/lab9/files$ size  -A mystery.o
mystery.o  :
section           size   addr
.text               17      0
.data                0      0
.bss                 0      0
.comment            43      0
.note.GNU-stack      0      0
.eh_frame           56      0
Total              116


pparmar2@g7-03:/import/linux/home1/pparmar2/git-repos/i220b/work/lab9/files$ make  cle[Kean
rm -f hello hello.s *.objdump *~
pparmar2@g7-03:/import/linux/home1/pparmar2/git-repos/i220b/work/lab9/files$ make [A[C[C[C[C[C[C[C[C[C[C[C[C[C[C[C[C[C[C[C[C[C[C[C[C[C[C[C[C[C[C[C[C[C[C[C[C[C[C[C[C[C[C[C[C[C[C[C[C[C[C[C[C[C[C[C[C[C[C[C[C[C[C[C[C[C[C[C[C[C[C[C[C[C[C[C[C[C[C[C[C[Ke
cc -g -Wall  -std=c11    hello.c   -o hello
cc -g -Wall  -std=c11 -S hello.c
pparmar2@g7-03:/import/linux/home1/pparmar2/git-repos/i220b/work/lab9/files$ gdb  hello
GNU gdb (Debian 8.2.1-2) 8.2.1
Copyright (C) 2018 Free Software Foundation, Inc.
License GPLv3+: GNU GPL version 3 or later <http://gnu.org/licenses/gpl.html>
This is free software: you are free to change and redistribute it.
There is NO WARRANTY, to the extent permitted by law.
Type "show copying" and "show warranty" for details.
This GDB was configured as "x86_64-linux-gnu".
Type "show configuration" for configuration details.
For bug reporting instructions, please see:
<http://www.gnu.org/software/gdb/bugs/>.
Find the GDB manual and other documentation resources online at:
    <http://www.gnu.org/software/gdb/documentation/>.

For help, type "help".
Type "apropos word" to search for commands related to "word"...
Reading symbols from hello...done.
(gdb) b main
Breakpoint 1 at 0x1183: file hello.c, line 16.
(gdb) r
Starting program: /import/linux/home1/pparmar2/git-repos/i220b/work/lab9/files/hello 

Breakpoint 1, main (argc=1, argv=0x7fffffffe7b8) at hello.c:16
16	  if (argc == 1) {
(gdb) disas /m
Dump of assembler code for function main:
15	{
   0x0000555555555174 <+0>:	push   %rbp
   0x0000555555555175 <+1>:	mov    %rsp,%rbp
   0x0000555555555178 <+4>:	sub    $0x20,%rsp
   0x000055555555517c <+8>:	mov    %edi,-0x14(%rbp)
   0x000055555555517f <+11>:	mov    %rsi,-0x20(%rbp)

16	  if (argc == 1) {
=> 0x0000555555555183 <+15>:	cmpl   $0x1,-0x14(%rbp)
   0x0000555555555187 <+19>:	jne    0x5555555551b5 <main+65>

17	    fprintf(stderr, "usage: %s NAME...\n", argv[0]);
   0x0000555555555189 <+21>:	mov    -0x20(%rbp),%rax
   0x000055555555518d <+25>:	mov    (%rax),%rdx
   0x0000555555555190 <+28>:	mov    0x2ec9(%rip),%rax        # 0x555555558060 <stderr@@GLIBC_2.2.5>
   0x0000555555555197 <+35>:	lea    0xe70(%rip),%rsi        # 0x55555555600e
   0x000055555555519e <+42>:	mov    %rax,%rdi
   0x00005555555551a1 <+45>:	mov    $0x0,%eax
   0x00005555555551a6 <+50>:	callq  0x555555555030 <fprintf@plt>

18	    exit(0xdeadbeef);
--Type <RET> for more, q to quit, c to continue without paging--i reg
   0x00005555555551ab <+55>:	mov    $0xdeadbeef,%edi
   0x00005555555551b0 <+60>:	callq  0x555555555040 <exit@plt>

19	  }
20	  for (int i = 1; i < argc; i++) {
   0x00005555555551b5 <+65>:	movl   $0x1,-0x4(%rbp)
   0x00005555555551bc <+72>:	jmp    0x5555555551eb <main+119>
   0x00005555555551e7 <+115>:	addl   $0x1,-0x4(%rbp)
   0x00005555555551eb <+119>:	mov    -0x4(%rbp),%eax
   0x00005555555551ee <+122>:	cmp    -0x14(%rbp),%eax
   0x00005555555551f1 <+125>:	jl     0x5555555551be <main+74>

21	    hello(stdout, argv[i]);
   0x00005555555551be <+74>:	mov    -0x4(%rbp),%eax
   0x00005555555551c1 <+77>:	cltq   
   0x00005555555551c3 <+79>:	lea    0x0(,%rax,8),%rdx
   0x00005555555551cb <+87>:	mov    -0x20(%rbp),%rax
   0x00005555555551cf <+91>:	add    %rdx,%rax
   0x00005555555551d2 <+94>:	mov    (%rax),%rdx
   0x00005555555551d5 <+97>:	mov    0x2e64(%rip),%rax        # 0x555555558040 <stdout@@GLIBC_2.2.5>
   0x00005555555551dc <+104>:	mov    %rdx,%rsi
   0x00005555555551df <+107>:	mov    %rax,%rdi
--Type <RET> for more, q to quit, c to continue without paging--i reg
   0x00005555555551e2 <+110>:	callq  0x555555555145 <hello>

22	  }
23	  return 0;
   0x00005555555551f3 <+127>:	mov    $0x0,%eax

24	}
   0x00005555555551f8 <+132>:	leaveq 
   0x00005555555551f9 <+133>:	retq   

End of assembler dump.
(gdb) p argc
$1 = 1
(gdb) p *(pb[K[K$rbp -20)
Attempt to dereference a generic pointer.
(gdb) p *(int *)($rbp -20)
$2 = 1
(gdb) p argb[Kv
$3 = (const char **) 0x7fffffffe7b8
(gdb) p *(const char ***)*$rbp - 32)
Junk after end of expression.
(gdb) p *(const char ***)*$rbp - 32)[1@(
Attempt to dereference a generic pointer.
(gdb) p *(const char ***)*($rbp - 32)
Attempt to dereference a generic pointer.
(gdb) p argv
$4 = (const char **) 0x7fffffffe7b8
(gdb) p aer[K[Krgv[0]
$5 = 0x7fffffffea8e "/import/linux/home1/pparmar2/git-repos/i220b/work/lab9/files/hello"
(gdb) p (*(const char ***)($rbp - 0x20))[0]
$6 = 0x7fffffffea8e "/import/linux/home1/pparmar2/git-repos/i220b/work/lab9/files/hello"
(gdb) /i *$pc.
Undefined command: "".  Try "help".
(gdb) /i *$pc.[K
Undefined command: "".  Try "help".
(gdb) /i *$pc[1P
Undefined info command: "*$pc".  Try "help info".
(gdb) i *$pc[1@/[C[C[C[C[C[C.[K.
Undefined command: "".  Try "help".
(gdb) /i *$pc.[K
Undefined command: "".  Try "help".
(gdb) display /i *$pc.
A syntax error in expression, near `'.
(gdb) display /i *$pc.[K
1: x/i *$pc
=> 0x555555555183 <main+15>:	cmpl   $0x1,-0x14(%rbp)
(gdb) p $eflags
$7 = [ IF ]
(gdb) ni
0x0000555555555187	16	  if (argc == 1) {
1: x/i *$pc
=> 0x555555555187 <main+19>:	jne    0x5555555551b5 <main+65>
(gdb) ni
17	    fprintf(stderr, "usage: %s NAME...\n", argv[0]);
1: x/i *$pc
=> 0x555555555189 <main+21>:	mov    -0x20(%rbp),%rax
(gdb) ni
0x000055555555518d	17	    fprintf(stderr, "usage: %s NAME...\n", argv[0]);
1: x/i *$pc
=> 0x55555555518d <main+25>:	mov    (%rax),%rdx
(gdb) ni
0x0000555555555190	17	    fprintf(stderr, "usage: %s NAME...\n", argv[0]);
1: x/i *$pc
=> 0x555555555190 <main+28>:	
    mov    0x2ec9(%rip),%rax        # 0x555555558060 <stderr@@GLIBC_2.2.5>
(gdb) ni
0x0000555555555197	17	    fprintf(stderr, "usage: %s NAME...\n", argv[0]);
1: x/i *$pc
=> 0x555555555197 <main+35>:	lea    0xe70(%rip),%rsi        # 0x55555555600e
(gdb) ni
0x000055555555519e	17	    fprintf(stderr, "usage: %s NAME...\n", argv[0]);
1: x/i *$pc
=> 0x55555555519e <main+42>:	mov    %rax,%rdi
(gdb) ni'=[K[K
0x00005555555551a1	17	    fprintf(stderr, "usage: %s NAME...\n", argv[0]);
1: x/i *$pc
=> 0x5555555551a1 <main+45>:	mov    $0x0,%eax
(gdb) ni
0x00005555555551a6	17	    fprintf(stderr, "usage: %s NAME...\n", argv[0]);
1: x/i *$pc
=> 0x5555555551a6 <main+50>:	callq  0x555555555030 <fprintf@plt>
(gdb) ni[K[Kp rdi
No symbol "rdi" in current context.
(gdb) p #rdi
Invalid character '#' in expression.
(gdb) p $rdi
$8 = 140737353688704
(gdb) ni
usage: /import/linux/home1/pparmar2/git-repos/i220b/work/lab9/files/hello NAME...
18	    exit(0xdeadbeef);
1: x/i *$pc
=> 0x5555555551ab <main+55>:	mov    $0xdeadbeef,%edi
(gdb) ni
0x00005555555551b0	18	    exit(0xdeadbeef);
1: x/i *$pc
=> 0x5555555551b0 <main+60>:	callq  0x555555555040 <exit@plt>
(gdb) ni
[Inferior 1 (process 7802) exited with code 0357]
(gdb) nip $rdi#rdi$rdi
No registers.
(gdb) q
pparmar2@g7-03:/import/linux/home1/pparmar2/git-repos/i220b/work/lab9/files$ star t[K[A[C[C[C[C[C[C[C[C[C[C[C[C[C[C[C[C[C[C[C[C[C[C[C[C[C[C[C[C[C[C[C[C[C[C[C[C[C[C[C[C[C[C[C[C[C[C[C[C[C[C[C[C[C[C[C[C[C[C[C[C[C[C[C[C[C[C[C[C[C[C[C[C[C[C[C[C[C[C[C[C[K
[K[A[C[C[C[C[C[C[C[C[C[C[C[C[C[C[C[C[C[C[C[C[C[C[C[C[C[C[C[C[C[C[C[C[C[C[C[C[C[C[C[C[C[C[C[C[C[C[C[C[C[C[C[C[C[C[C[C[C[C[C[C[C[C[C[C[C[C[C[C[C[C[C[C[C[C[C[C[C[C[C[C[K[K[Kgfb[K[Kdb  hello
GNU gdb (Debian 8.2.1-2) 8.2.1
Copyright (C) 2018 Free Software Foundation, Inc.
License GPLv3+: GNU GPL version 3 or later <http://gnu.org/licenses/gpl.html>
This is free software: you are free to change and redistribute it.
There is NO WARRANTY, to the extent permitted by law.
Type "show copying" and "show warranty" for details.
This GDB was configured as "x86_64-linux-gnu".
Type "show configuration" for configuration details.
For bug reporting instructions, please see:
<http://www.gnu.org/software/gdb/bugs/>.
Find the GDB manual and other documentation resources online at:
    <http://www.gnu.org/software/gdb/documentation/>.

For help, type "help".
Type "apropos word" to search for commands related to "word"...
Reading symbols from hello...done.
(gdb) b main
Breakpoint 1 at 0x1183: file hello.c, line 16.
(gdb) ni
The program is not being run.
(gdb) ni[K[Kstart
Temporary breakpoint 2 at 0x1183: file hello.c, line 16.
Starting program: /import/linux/home1/pparmar2/git-repos/i220b/work/lab9/files/hello 

Breakpoint 1, main (argc=1, argv=0x7fffffffe7b8) at hello.c:16
16	  if (argc == 1) {
(gdb) n
17	    fprintf(stderr, "usage: %s NAME...\n", argv[0]);
(gdb) n
usage: /import/linux/home1/pparmar2/git-repos/i220b/work/lab9/files/hello NAME...
18	    exit(0xdeadbeef);
(gdb) n
[Inferior 1 (process 8955) exited with code 0357]
(gdb) n
The program is not being run.
(gdb) n
The program is not being run.
(gdb) n
The program is not being run.
(gdb) n
The program is not being run.
(gdb) q
pparmar2@g7-03:/import/linux/home1/pparmar2/git-repos/i220b/work/lab9/files$ make  clean
rm -f hello hello.s *.objdump *~
pparmar2@g7-03:/import/linux/home1/pparmar2/git-repos/i220b/work/lab9/files$ make [A[C[C[C[C[C[C[C[C[C[C[C[C[C[C[C[C[C[C[C[C[C[C[C[C[C[C[C[C[C[C[C[C[C[C[C[C[C[C[C[C[C[C[C[C[C[C[C[C[C[C[C[C[C[C[C[C[C[C[C[C[C[C[C[C[C[C[C[C[C[C[C[C[C[C[C[C[C[C[C[C[Ke
cc -g -Wall  -std=c11    hello.c   -o hello
cc -g -Wall  -std=c11 -S hello.c
pparmar2@g7-03:/import/linux/home1/pparmar2/git-repos/i220b/work/lab9/files$ make [A[C[C[C[C[C[C[C[C[C[C[C[C[C[C[C[C[C[C[C[C[C[C[C[C[C[C[C[C[C[C[C[C[C[C[C[C[C[C[C[C[C[C[C[C[C[C[C[C[C[C[C[C[C[C[C[C[C[C[C[C[C[C[C[C[C[C[C[C[C[C[C[C[C[C[C[C[C[C[C[C[K
[K[A[C[C[C[C[C[C[C[C[C[C[C[C[C[C[C[C[C[C[C[C[C[C[C[C[C[C[C[C[C[C[C[C[C[C[C[C[C[C[C[C[C[C[C[C[C[C[C[C[C[C[C[C[C[C[C[C[C[C[C[C[C[C[C[C[C[C[C[C[C[C[C[C[C[C[C[C[C[C[C[C[K[K[Kgdb
GNU gdb (Debian 8.2.1-2) 8.2.1
Copyright (C) 2018 Free Software Foundation, Inc.
License GPLv3+: GNU GPL version 3 or later <http://gnu.org/licenses/gpl.html>
This is free software: you are free to change and redistribute it.
There is NO WARRANTY, to the extent permitted by law.
Type "show copying" and "show warranty" for details.
This GDB was configured as "x86_64-linux-gnu".
Type "show configuration" for configuration details.
For bug reporting instructions, please see:
<http://www.gnu.org/software/gdb/bugs/>.
Find the GDB manual and other documentation resources online at:
    <http://www.gnu.org/software/gdb/documentation/>.

For help, type "help".
Type "apropos word" to search for commands related to "word".
(gdb) start joe
No symbol table loaded.  Use the "file" command.
(gdb) q
pparmar2@g7-03:/import/linux/home1/pparmar2/git-repos/i220b/work/lab9/files$ make [A[C[C[C[C[C[C[C[C[C[C[C[C[C[C[C[C[C[C[C[C[C[C[C[C[C[C[C[C[C[C[C[C[C[C[C[C[C[C[C[C[C[C[C[C[C[C[C[C[C[C[C[C[C[C[C[C[C[C[C[C[C[C[C[C[C[C[C[C[C[C[C[C[C[C[C[C[C[C[C[C[Ke
make: Nothing to be done for 'all'.
pparmar2@g7-03:/import/linux/home1/pparmar2/git-repos/i220b/work/lab9/files$ gdb  hello
GNU gdb (Debian 8.2.1-2) 8.2.1
Copyright (C) 2018 Free Software Foundation, Inc.
License GPLv3+: GNU GPL version 3 or later <http://gnu.org/licenses/gpl.html>
This is free software: you are free to change and redistribute it.
There is NO WARRANTY, to the extent permitted by law.
Type "show copying" and "show warranty" for details.
This GDB was configured as "x86_64-linux-gnu".
Type "show configuration" for configuration details.
For bug reporting instructions, please see:
<http://www.gnu.org/software/gdb/bugs/>.
Find the GDB manual and other documentation resources online at:
    <http://www.gnu.org/software/gdb/documentation/>.

For help, type "help".
Type "apropos word" to search for commands related to "word"...
Reading symbols from hello...done.
(gdb) start hoe[K[K[Kjoe
Temporary breakpoint 1 at 0x1183: file hello.c, line 16.
Starting program: /import/linux/home1/pparmar2/git-repos/i220b/work/lab9/files/hello joe

Temporary breakpoint 1, main (argc=2, argv=0x7fffffffe7a8) at hello.c:16
16	  if (argc == 1) {
(gdb) disass /m
Dump of assembler code for function main:
15	{
   0x0000555555555174 <+0>:	push   %rbp
   0x0000555555555175 <+1>:	mov    %rsp,%rbp
   0x0000555555555178 <+4>:	sub    $0x20,%rsp
   0x000055555555517c <+8>:	mov    %edi,-0x14(%rbp)
   0x000055555555517f <+11>:	mov    %rsi,-0x20(%rbp)

16	  if (argc == 1) {
=> 0x0000555555555183 <+15>:	cmpl   $0x1,-0x14(%rbp)
   0x0000555555555187 <+19>:	jne    0x5555555551b5 <main+65>

17	    fprintf(stderr, "usage: %s NAME...\n", argv[0]);
   0x0000555555555189 <+21>:	mov    -0x20(%rbp),%rax
   0x000055555555518d <+25>:	mov    (%rax),%rdx
   0x0000555555555190 <+28>:	mov    0x2ec9(%rip),%rax        # 0x555555558060 <stderr@@GLIBC_2.2.5>
   0x0000555555555197 <+35>:	lea    0xe70(%rip),%rsi        # 0x55555555600e
   0x000055555555519e <+42>:	mov    %rax,%rdi
   0x00005555555551a1 <+45>:	mov    $0x0,%eax
   0x00005555555551a6 <+50>:	callq  0x555555555030 <fprintf@plt>

18	    exit(0xdeadbeef);
--Type <RET> for more, q to quit, c to continue without paging--p i
   0x00005555555551ab <+55>:	mov    $0xdeadbeef,%edi
   0x00005555555551b0 <+60>:	callq  0x555555555040 <exit@plt>

19	  }
20	  for (int i = 1; i < argc; i++) {
   0x00005555555551b5 <+65>:	movl   $0x1,-0x4(%rbp)
   0x00005555555551bc <+72>:	jmp    0x5555555551eb <main+119>
   0x00005555555551e7 <+115>:	addl   $0x1,-0x4(%rbp)
   0x00005555555551eb <+119>:	mov    -0x4(%rbp),%eax
   0x00005555555551ee <+122>:	cmp    -0x14(%rbp),%eax
   0x00005555555551f1 <+125>:	jl     0x5555555551be <main+74>

21	    hello(stdout, argv[i]);
   0x00005555555551be <+74>:	mov    -0x4(%rbp),%eax
   0x00005555555551c1 <+77>:	cltq   
   0x00005555555551c3 <+79>:	lea    0x0(,%rax,8),%rdx
   0x00005555555551cb <+87>:	mov    -0x20(%rbp),%rax
   0x00005555555551cf <+91>:	add    %rdx,%rax
   0x00005555555551d2 <+94>:	mov    (%rax),%rdx
   0x00005555555551d5 <+97>:	mov    0x2e64(%rip),%rax        # 0x555555558040 <stdout@@GLIBC_2.2.5>
   0x00005555555551dc <+104>:	mov    %rdx,%rsi
   0x00005555555551df <+107>:	mov    %rax,%rdi
--Type <RET> for more, q to quit, c to continue without paging--p i
   0x00005555555551e2 <+110>:	callq  0x555555555145 <hello>

22	  }
23	  return 0;
   0x00005555555551f3 <+127>:	mov    $0x0,%eax

24	}
   0x00005555555551f8 <+132>:	leaveq 
   0x00005555555551f9 <+133>:	retq   

End of assembler dump.
(gdb) p i
No symbol "i" in current context.
(gdb) p i
No symbol "i" in current context.
(gdb) b *nnnn
No symbol "nnnn" in current context.
(gdb) b *nnnn[4Pp idisass /m[C[C[C[C[C[Cstart joe[C[C[C[C[C[Cdisass /m
Dump of assembler code for function main:
15	{
   0x0000555555555174 <+0>:	push   %rbp
   0x0000555555555175 <+1>:	mov    %rsp,%rbp
   0x0000555555555178 <+4>:	sub    $0x20,%rsp
   0x000055555555517c <+8>:	mov    %edi,-0x14(%rbp)
   0x000055555555517f <+11>:	mov    %rsi,-0x20(%rbp)

16	  if (argc == 1) {
=> 0x0000555555555183 <+15>:	cmpl   $0x1,-0x14(%rbp)
   0x0000555555555187 <+19>:	jne    0x5555555551b5 <main+65>

17	    fprintf(stderr, "usage: %s NAME...\n", argv[0]);
   0x0000555555555189 <+21>:	mov    -0x20(%rbp),%rax
   0x000055555555518d <+25>:	mov    (%rax),%rdx
   0x0000555555555190 <+28>:	mov    0x2ec9(%rip),%rax        # 0x555555558060 <stderr@@GLIBC_2.2.5>
   0x0000555555555197 <+35>:	lea    0xe70(%rip),%rsi        # 0x55555555600e
   0x000055555555519e <+42>:	mov    %rax,%rdi
   0x00005555555551a1 <+45>:	mov    $0x0,%eax
   0x00005555555551a6 <+50>:	callq  0x555555555030 <fprintf@plt>

18	    exit(0xdeadbeef);
--Type <RET> for more, q to quit, c to continue without paging--p *nnnn
   0x00005555555551ab <+55>:	mov    $0xdeadbeef,%edi
   0x00005555555551b0 <+60>:	callq  0x555555555040 <exit@plt>

19	  }
20	  for (int i = 1; i < argc; i++) {
   0x00005555555551b5 <+65>:	movl   $0x1,-0x4(%rbp)
   0x00005555555551bc <+72>:	jmp    0x5555555551eb <main+119>
   0x00005555555551e7 <+115>:	addl   $0x1,-0x4(%rbp)
   0x00005555555551eb <+119>:	mov    -0x4(%rbp),%eax
   0x00005555555551ee <+122>:	cmp    -0x14(%rbp),%eax
   0x00005555555551f1 <+125>:	jl     0x5555555551be <main+74>

21	    hello(stdout, argv[i]);
   0x00005555555551be <+74>:	mov    -0x4(%rbp),%eax
   0x00005555555551c1 <+77>:	cltq   
   0x00005555555551c3 <+79>:	lea    0x0(,%rax,8),%rdx
   0x00005555555551cb <+87>:	mov    -0x20(%rbp),%rax
   0x00005555555551cf <+91>:	add    %rdx,%rax
   0x00005555555551d2 <+94>:	mov    (%rax),%rdx
   0x00005555555551d5 <+97>:	mov    0x2e64(%rip),%rax        # 0x555555558040 <stdout@@GLIBC_2.2.5>
   0x00005555555551dc <+104>:	mov    %rdx,%rsi
   0x00005555555551df <+107>:	mov    %rax,%rdi
--Type <RET> for more, q to quit, c to continue without paging--ni
   0x00005555555551e2 <+110>:	callq  0x555555555145 <hello>

22	  }
23	  return 0;
   0x00005555555551f3 <+127>:	mov    $0x0,%eax

24	}
   0x00005555555551f8 <+132>:	leaveq 
   0x00005555555551f9 <+133>:	retq   

End of assembler dump.
(gdb) ni
0x0000555555555187	16	  if (argc == 1) {
(gdb) ni
20	  for (int i = 1; i < argc; i++) {
(gdb) p i
$1 = 0
(gdb) n
21	    hello(stdout, argv[i]);
(gdb) n
hello joe
20	  for (int i = 1; i < argc; i++) {
(gdb) p i
$2 = 1
(gdb) n 
23	  return 0;
(gdb) p i
No symbol "i" in current context.
(gdb) n
24	}
(gdb) n
__libc_start_main (main=0x555555555174 <main>, argc=2, argv=0x7fffffffe7a8, 
    init=<optimized out>, fini=<optimized out>, rtld_fini=<optimized out>, 
    stack_end=0x7fffffffe798) at ../csu/libc-start.c:342
342	../csu/libc-start.c: No such file or directory.
(gdb) n
[Inferior 1 (process 9061) exited normally]
(gdb) n
The program is not being run.
(gdb) n
The program is not being run.
(gdb) start joe
Temporary breakpoint 2 at 0x555555555183: file hello.c, line 16.
Starting program: /import/linux/home1/pparmar2/git-repos/i220b/work/lab9/files/hello joe

Temporary breakpoint 2, main (argc=2, argv=0x7fffffffe7a8) at hello.c:16
16	  if (argc == 1) {
(gdb) n
20	  for (int i = 1; i < argc; i++) {
(gdb) p i
$3 = 0
(gdb) n
21	    hello(stdout, argv[i]);
(gdb) p i
$4 = 1
(gdb) n 
hello joe
20	  for (int i = 1; i < argc; i++) {
(gdb) p i
$5 = 1
(gdb) n
23	  return 0;
(gdb) p i
No symbol "i" in current context.
(gdb) s[Kn
24	}
(gdb) n
__libc_start_main (main=0x555555555174 <main>, argc=2, argv=0x7fffffffe7a8, 
    init=<optimized out>, fini=<optimized out>, rtld_fini=<optimized out>, 
    stack_end=0x7fffffffe798) at ../csu/libc-start.c:342
342	../csu/libc-start.c: No such file or directory.
(gdb) n
[Inferior 1 (process 9257) exited normally]
(gdb) n
The program is not being run.
(gdb) start joe
Temporary breakpoint 3 at 0x555555555183: file hello.c, line 16.
Starting program: /import/linux/home1/pparmar2/git-repos/i220b/work/lab9/files/hello joe

Temporary breakpoint 3, main (argc=2, argv=0x7fffffffe7a8) at hello.c:16
16	  if (argc == 1) {
(gdb) p i
No symbol "i" in current context.
(gdb) n
20	  for (int i = 1; i < argc; i++) {
(gdb) p i
$6 = 0
(gdb) n
21	    hello(stdout, argv[i]);
(gdb) n
hello joe
20	  for (int i = 1; i < argc; i++) {
(gdb) p i
$7 = 1
(gdb) set $eax =$eax-1
(gdb) p i
$8 = 1
(gdb) n
23	  return 0;
(gdb) n
24	}
(gdb) n
__libc_start_main (main=0x555555555174 <main>, argc=2, argv=0x7fffffffe7a8, 
    init=<optimized out>, fini=<optimized out>, rtld_fini=<optimized out>, 
    stack_end=0x7fffffffe798) at ../csu/libc-start.c:342
342	../csu/libc-start.c: No such file or directory.
(gdb) n
[Inferior 1 (process 9297) exited normally]
(gdb) n
The program is not being run.
(gdb) n
The program is not being run.
(gdb) q
pparmar2@g7-03:/import/linux/home1/pparmar2/git-repos/i220b/work/lab9/files$ gdb  hl[Kello
GNU gdb (Debian 8.2.1-2) 8.2.1
Copyright (C) 2018 Free Software Foundation, Inc.
License GPLv3+: GNU GPL version 3 or later <http://gnu.org/licenses/gpl.html>
This is free software: you are free to change and redistribute it.
There is NO WARRANTY, to the extent permitted by law.
Type "show copying" and "show warranty" for details.
This GDB was configured as "x86_64-linux-gnu".
Type "show configuration" for configuration details.
For bug reporting instructions, please see:
<http://www.gnu.org/software/gdb/bugs/>.
Find the GDB manual and other documentation resources online at:
    <http://www.gnu.org/software/gdb/documentation/>.

For help, type "help".
Type "apropos word" to search for commands related to "word"...
Reading symbols from hello...done.
(gdb) b hello()
Function "hello()" not defined.
Make breakpoint pending on future shared library load? (y or [n]) b hello[K[K[K[K[K[K[Kstart
Please answer y or [n].
Make breakpoint pending on future shared library load? (y or [n]) n
(gdb) start
Temporary breakpoint 1 at 0x1183: file hello.c, line 16.
Starting program: /import/linux/home1/pparmar2/git-repos/i220b/work/lab9/files/hello 

Temporary breakpoint 1, main (argc=1, argv=0x7fffffffe7b8) at hello.c:16
16	  if (argc == 1) {
(gdb) b hello()
Function "hello()" not defined.
Make breakpoint pending on future shared library load? (y or [n]) b hello
Please answer y or [n].
Make breakpoint pending on future shared library load? (y or [n]) y
Breakpoint 2 (hello()) pending.
(gdb) n
17	    fprintf(stderr, "usage: %s NAME...\n", argv[0]);
(gdb) r je[Koe
The program being debugged has been started already.
Start it from the beginning? (y or n) y
Starting program: /import/linux/home1/pparmar2/git-repos/i220b/work/lab9/files/hello joe
hello joe
[Inferior 1 (process 10026) exited normally]
(gdb) n
The program is not being run.
(gdb) n
The program is not being run.
(gdb) start jope[K[Ke
Temporary breakpoint 3 at 0x555555555183: file hello.c, line 16.
Starting program: /import/linux/home1/pparmar2/git-repos/i220b/work/lab9/files/hello joe

Temporary breakpoint 3, main (argc=2, argv=0x7fffffffe7a8) at hello.c:16
16	  if (argc == 1) {
(gdb) b hello
Breakpoint 4 at 0x555555555155: file hello.c, line 8.
(gdb) n
20	  for (int i = 1; i < argc; i++) {
(gdb) p i[Khello[K[K[K[K[K[K[Kn 1
21	    hello(stdout, argv[i]);
(gdb) n 1

Breakpoint 4, hello (out=0x7ffff7f92760 <_IO_2_1_stdout_>, 
    who=0x7fffffffeacd "joe") at hello.c:8
8	  fprintf(out, "hello %s\n", who);
(gdb) n[Kn hello
hello joe
[Inferior 1 (process 10038) exited normally]
(gdb) n
The program is not being run.
(gdb) n
The program is not being run.
(gdb) start joe
Temporary breakpoint 5 at 0x555555555183: file hello.c, line 16.
Starting program: /import/linux/home1/pparmar2/git-repos/i220b/work/lab9/files/hello joe

Temporary breakpoint 5, main (argc=2, argv=0x7fffffffe7a8) at hello.c:16
16	  if (argc == 1) {
(gdb) n hello

Breakpoint 4, hello (out=0x7ffff7f92760 <_IO_2_1_stdout_>, 
    who=0x7fffffffeacd "joe") at hello.c:8
8	  fprintf(out, "hello %s\n", who);
(gdb) p char[K[K[K[K(char*) $rsi
$1 = 0x7fffffffeacd "joe"
(gdb) p (char*) $rsi[C[K[KDI[K[KDi[K[KDI[K[Kdi
$2 = 0x7ffff7f92760 <_IO_2_1_stdout_> "\204 \255", <incomplete sequence \373>
(gdb) p (char*) $rdisi
$3 = 0x7fffffffeacd "joe"
(gdb) p who
$4 = 0x7fffffffeacd "joe"
(gdb) q
A debugging session is active.

	Inferior 1 [process 10200] will be killed.

Quit anyway? (y or n) y
pparmar2@g7-03:/import/linux/home1/pparmar2/git-repos/i220b/work/lab9/files$ ^C
pparmar2@g7-03:/import/linux/home1/pparmar2/git-repos/i220b/work/lab9/files$ exit

Script done on 2019-10-17 17:15:23-04:00 [COMMAND_EXIT_CODE="130"]
